<?xml version="1.0" encoding="UTF-8"?>
<testng-results ignored="0" total="1" passed="1" failed="0" skipped="0">
  <reporter-output>
  </reporter-output>
  <suite started-at="2023-08-30T17:58:47 IST" name="Suite" finished-at="2023-08-30T17:58:56 IST" duration-ms="8928">
    <groups>
    </groups>
    <test started-at="2023-08-30T17:58:47 IST" name="Test" finished-at="2023-08-30T17:58:56 IST" duration-ms="8928">
      <class name="testCases.TC2">
        <test-method is-config="true" signature="launchBrowser(java.lang.String)[pri:0, instance:testCases.TC2@4cc451f2]" started-at="2023-08-30T17:58:47 IST" name="launchBrowser" finished-at="2023-08-30T17:58:52 IST" duration-ms="4824" status="PASS">
          <params>
            <param index="0">
              <value>
                <![CDATA[Chrome]]>
              </value>
            </param>
          </params>
          <reporter-output>
          </reporter-output>
        </test-method> <!-- launchBrowser -->
        <test-method is-config="true" signature="beforeClass()[pri:0, instance:testCases.TC2@4cc451f2]" started-at="2023-08-30T17:58:52 IST" name="beforeClass" finished-at="2023-08-30T17:58:52 IST" duration-ms="85" status="PASS">
          <reporter-output>
          </reporter-output>
        </test-method> <!-- beforeClass -->
        <test-method is-config="true" signature="beforeMethod()[pri:0, instance:testCases.TC2@4cc451f2]" started-at="2023-08-30T17:58:52 IST" name="beforeMethod" finished-at="2023-08-30T17:58:55 IST" duration-ms="2946" status="PASS">
          <reporter-output>
          </reporter-output>
        </test-method> <!-- beforeMethod -->
        <test-method signature="checkPlacedProduct()[pri:0, instance:testCases.TC2@4cc451f2]" started-at="2023-08-30T17:58:55 IST" name="checkPlacedProduct" finished-at="2023-08-30T17:58:55 IST" duration-ms="290" status="PASS">
          <reporter-output>
          </reporter-output>
        </test-method> <!-- checkPlacedProduct -->
        <test-method is-config="true" signature="cleanPOMObject()[pri:0, instance:testCases.TC2@4cc451f2]" started-at="2023-08-30T17:58:55 IST" name="cleanPOMObject" finished-at="2023-08-30T17:58:55 IST" duration-ms="0" status="PASS">
          <reporter-output>
          </reporter-output>
        </test-method> <!-- cleanPOMObject -->
        <test-method is-config="true" signature="close()[pri:0, instance:testCases.TC2@4cc451f2]" started-at="2023-08-30T17:58:55 IST" name="close" finished-at="2023-08-30T17:58:56 IST" duration-ms="667" status="PASS">
          <reporter-output>
          </reporter-output>
        </test-method> <!-- close -->
      </class> <!-- testCases.TC2 -->
    </test> <!-- Test -->
  </suite> <!-- Suite -->
</testng-results>
